<?xml version="1.0" encoding="UTF-8"?>
<testng-results skipped="0" failed="0" total="1" passed="1">
  <reporter-output>
  </reporter-output>
  <suite name="Default suite" duration-ms="23626" started-at="2015-11-30T15:39:18Z" finished-at="2015-11-30T15:39:41Z">
    <groups>
    </groups>
    <test name="Default test" duration-ms="23626" started-at="2015-11-30T15:39:18Z" finished-at="2015-11-30T15:39:41Z">
      <class name="TestNG.TestNGClass">
        <test-method status="PASS" signature="launchapp()[pri:0, instance:TestNG.TestNGClass@298a5e20]" name="launchapp" is-config="true" duration-ms="9285" started-at="2015-11-30T21:09:18Z" finished-at="2015-11-30T21:09:27Z">
          <reporter-output>
          </reporter-output>
        </test-method> <!-- launchapp -->
        <test-method status="PASS" signature="calculatefraction()[pri:0, instance:TestNG.TestNGClass@298a5e20]" name="calculatefraction" duration-ms="14323" started-at="2015-11-30T21:09:27Z" finished-at="2015-11-30T21:09:41Z">
          <reporter-output>
          </reporter-output>
        </test-method> <!-- calculatefraction -->
      </class> <!-- TestNG.TestNGClass -->
    </test> <!-- Default test -->
  </suite> <!-- Default suite -->
</testng-results>
